<?xml version="1.0" encoding="UTF-8"?>
<testng-results ignored="0" total="2" passed="2" failed="0" skipped="0">
  <reporter-output>
  </reporter-output>
  <suite started-at="2023-07-21T14:54:11 IST" name="Suite" finished-at="2023-07-21T14:54:40 IST" duration-ms="28905">
    <groups>
    </groups>
    <test started-at="2023-07-21T14:54:11 IST" name="Test" finished-at="2023-07-21T14:54:40 IST" duration-ms="28905">
      <class name="tests.RegisterTest">
        <test-method is-config="true" signature="setup()[pri:0, instance:tests.RegisterTest@2ea6e30c]" started-at="2023-07-21T14:54:11 IST" name="setup" finished-at="2023-07-21T14:54:21 IST" duration-ms="9848" status="PASS">
          <reporter-output>
          </reporter-output>
        </test-method> <!-- setup -->
        <test-method signature="registerWithMandatoryFields()[pri:1, instance:tests.RegisterTest@2ea6e30c]" started-at="2023-07-21T14:54:21 IST" name="registerWithMandatoryFields" finished-at="2023-07-21T14:54:24 IST" duration-ms="2897" status="PASS">
          <reporter-output>
          </reporter-output>
        </test-method> <!-- registerWithMandatoryFields -->
        <test-method is-config="true" signature="tearDown()[pri:0, instance:tests.RegisterTest@2ea6e30c]" started-at="2023-07-21T14:54:24 IST" name="tearDown" finished-at="2023-07-21T14:54:24 IST" duration-ms="457" status="PASS">
          <reporter-output>
          </reporter-output>
        </test-method> <!-- tearDown -->
        <test-method is-config="true" signature="setup()[pri:0, instance:tests.RegisterTest@2ea6e30c]" started-at="2023-07-21T14:54:24 IST" name="setup" finished-at="2023-07-21T14:54:37 IST" duration-ms="12539" status="PASS">
          <reporter-output>
          </reporter-output>
        </test-method> <!-- setup -->
        <test-method signature="registerWithAllFields()[pri:2, instance:tests.RegisterTest@2ea6e30c]" started-at="2023-07-21T14:54:37 IST" name="registerWithAllFields" finished-at="2023-07-21T14:54:39 IST" duration-ms="2545" status="PASS">
          <reporter-output>
          </reporter-output>
        </test-method> <!-- registerWithAllFields -->
        <test-method is-config="true" signature="tearDown()[pri:0, instance:tests.RegisterTest@2ea6e30c]" started-at="2023-07-21T14:54:39 IST" name="tearDown" finished-at="2023-07-21T14:54:40 IST" duration-ms="361" status="PASS">
          <reporter-output>
          </reporter-output>
        </test-method> <!-- tearDown -->
      </class> <!-- tests.RegisterTest -->
    </test> <!-- Test -->
  </suite> <!-- Suite -->
</testng-results>
